<?xml version="1.0" encoding="UTF-8"?>
<!-- Generated by org.testng.reporters.JUnitXMLReporter -->
<testsuite ignored="0" hostname="DESKTOP-KEI7M37" failures="0" tests="4" name="Surefire test" time="38.589" errors="0" timestamp="2024-07-24T00:57:02 IST">
  <testcase classname="Test.LoginTest" name="BankLogo" time="0.102"/>
  <testcase classname="Test.LoginTest" name="ForgotLoginTest" time="1.497"/>
  <testcase classname="Test.LoginTest" name="HomeButtonTesting" time="1.471"/>
  <testcase classname="Test.LoginTest" name="TitleTest" time="0.018"/>
</testsuite> <!-- Surefire test -->
