<?xml version="1.0" encoding="UTF-8"?>
<!-- Generated by org.testng.reporters.JUnitXMLReporter -->
<testsuite ignored="0" hostname="DESKTOP-KEI7M37" failures="0" tests="4" name="Surefire test" time="34.755" errors="0" timestamp="2024-07-23T23:49:48 IST">
  <testcase classname="Test.LoginTest" name="BankLogo" time="0.106"/>
  <testcase classname="Test.LoginTest" name="ForgotLoginTest" time="1.505"/>
  <testcase classname="Test.LoginTest" name="HomeButtonTesting" time="1.686"/>
  <testcase classname="Test.LoginTest" name="TitleTest" time="0.015"/>
</testsuite> <!-- Surefire test -->
