<?xml version="1.0" encoding="UTF-8"?>
<!-- Generated by org.testng.reporters.JUnitXMLReporter -->
<testsuite ignored="0" hostname="DESKTOP-KEI7M37" failures="0" tests="4" name="Default test" time="37.629" errors="0" timestamp="2024-07-23T22:50:37 IST">
  <testcase classname="Test.LoginTest" name="BankLogo" time="0.085"/>
  <testcase classname="Test.LoginTest" name="ForgotLoginTest" time="1.736"/>
  <testcase classname="Test.LoginTest" name="HomeButtonTesting" time="1.589"/>
  <testcase classname="Test.LoginTest" name="TitleTest" time="0.019"/>
</testsuite> <!-- Default test -->
