<?xml version="1.0" encoding="UTF-8"?>
<testng-results ignored="0" total="4" passed="4" failed="0" skipped="0">
  <reporter-output>
  </reporter-output>
  <suite started-at="2024-07-24T00:56:23 IST" name="Surefire suite" finished-at="2024-07-24T00:57:02 IST" duration-ms="38589">
    <groups>
    </groups>
    <test started-at="2024-07-24T00:56:23 IST" name="Surefire test" finished-at="2024-07-24T00:57:02 IST" duration-ms="38589">
      <class name="Test.LoginTest">
        <test-method is-config="true" signature="setup()[pri:0, instance:Test.LoginTest@ba54932]" started-at="2024-07-24T00:56:23 IST" name="setup" finished-at="2024-07-24T00:56:36 IST" duration-ms="12605" status="PASS">
          <reporter-output>
          </reporter-output>
        </test-method> <!-- setup -->
        <test-method signature="BankLogo()[pri:0, instance:Test.LoginTest@ba54932]" started-at="2024-07-24T00:56:36 IST" name="BankLogo" finished-at="2024-07-24T00:56:36 IST" duration-ms="102" status="PASS">
          <reporter-output>
          </reporter-output>
        </test-method> <!-- BankLogo -->
        <test-method is-config="true" signature="TearDown()[pri:0, instance:Test.LoginTest@ba54932]" started-at="2024-07-24T00:56:36 IST" name="TearDown" finished-at="2024-07-24T00:56:36 IST" duration-ms="429" status="PASS">
          <reporter-output>
          </reporter-output>
        </test-method> <!-- TearDown -->
        <test-method is-config="true" signature="setup()[pri:0, instance:Test.LoginTest@ba54932]" started-at="2024-07-24T00:56:36 IST" name="setup" finished-at="2024-07-24T00:56:43 IST" duration-ms="6984" status="PASS">
          <reporter-output>
          </reporter-output>
        </test-method> <!-- setup -->
        <test-method signature="ForgotLoginTest()[pri:0, instance:Test.LoginTest@ba54932]" started-at="2024-07-24T00:56:43 IST" name="ForgotLoginTest" finished-at="2024-07-24T00:56:45 IST" duration-ms="1497" status="PASS">
          <reporter-output>
          </reporter-output>
        </test-method> <!-- ForgotLoginTest -->
        <test-method is-config="true" signature="TearDown()[pri:0, instance:Test.LoginTest@ba54932]" started-at="2024-07-24T00:56:45 IST" name="TearDown" finished-at="2024-07-24T00:56:45 IST" duration-ms="228" status="PASS">
          <reporter-output>
          </reporter-output>
        </test-method> <!-- TearDown -->
        <test-method is-config="true" signature="setup()[pri:0, instance:Test.LoginTest@ba54932]" started-at="2024-07-24T00:56:45 IST" name="setup" finished-at="2024-07-24T00:56:53 IST" duration-ms="8367" status="PASS">
          <reporter-output>
          </reporter-output>
        </test-method> <!-- setup -->
        <test-method signature="HomeButtonTesting()[pri:0, instance:Test.LoginTest@ba54932]" started-at="2024-07-24T00:56:53 IST" name="HomeButtonTesting" finished-at="2024-07-24T00:56:55 IST" duration-ms="1471" status="PASS">
          <reporter-output>
          </reporter-output>
        </test-method> <!-- HomeButtonTesting -->
        <test-method is-config="true" signature="TearDown()[pri:0, instance:Test.LoginTest@ba54932]" started-at="2024-07-24T00:56:55 IST" name="TearDown" finished-at="2024-07-24T00:56:55 IST" duration-ms="215" status="PASS">
          <reporter-output>
          </reporter-output>
        </test-method> <!-- TearDown -->
        <test-method is-config="true" signature="setup()[pri:0, instance:Test.LoginTest@ba54932]" started-at="2024-07-24T00:56:55 IST" name="setup" finished-at="2024-07-24T00:57:01 IST" duration-ms="6313" status="PASS">
          <reporter-output>
          </reporter-output>
        </test-method> <!-- setup -->
        <test-method signature="TitleTest()[pri:0, instance:Test.LoginTest@ba54932]" started-at="2024-07-24T00:57:01 IST" name="TitleTest" finished-at="2024-07-24T00:57:01 IST" duration-ms="18" status="PASS">
          <reporter-output>
          </reporter-output>
        </test-method> <!-- TitleTest -->
        <test-method is-config="true" signature="TearDown()[pri:0, instance:Test.LoginTest@ba54932]" started-at="2024-07-24T00:57:01 IST" name="TearDown" finished-at="2024-07-24T00:57:02 IST" duration-ms="272" status="PASS">
          <reporter-output>
          </reporter-output>
        </test-method> <!-- TearDown -->
      </class> <!-- Test.LoginTest -->
    </test> <!-- Surefire test -->
  </suite> <!-- Surefire suite -->
</testng-results>
