<?xml version="1.0" encoding="UTF-8"?>
<testng-results ignored="0" total="4" passed="4" failed="0" skipped="0">
  <reporter-output>
  </reporter-output>
  <suite started-at="2024-07-23T22:49:59 IST" name="Default suite" finished-at="2024-07-23T22:50:37 IST" duration-ms="37629">
    <groups>
    </groups>
    <test started-at="2024-07-23T22:49:59 IST" name="Default test" finished-at="2024-07-23T22:50:37 IST" duration-ms="37629">
      <class name="Test.LoginTest">
        <test-method is-config="true" signature="setup()[pri:0, instance:Test.LoginTest@6c1a5b54]" started-at="2024-07-23T22:49:59 IST" name="setup" finished-at="2024-07-23T22:50:11 IST" duration-ms="11944" status="PASS">
          <reporter-output>
          </reporter-output>
        </test-method> <!-- setup -->
        <test-method signature="BankLogo()[pri:0, instance:Test.LoginTest@6c1a5b54]" started-at="2024-07-23T22:50:11 IST" name="BankLogo" finished-at="2024-07-23T22:50:11 IST" duration-ms="85" status="PASS">
          <reporter-output>
          </reporter-output>
        </test-method> <!-- BankLogo -->
        <test-method is-config="true" signature="TearDown()[pri:0, instance:Test.LoginTest@6c1a5b54]" started-at="2024-07-23T22:50:11 IST" name="TearDown" finished-at="2024-07-23T22:50:12 IST" duration-ms="375" status="PASS">
          <reporter-output>
          </reporter-output>
        </test-method> <!-- TearDown -->
        <test-method is-config="true" signature="setup()[pri:0, instance:Test.LoginTest@6c1a5b54]" started-at="2024-07-23T22:50:12 IST" name="setup" finished-at="2024-07-23T22:50:20 IST" duration-ms="8059" status="PASS">
          <reporter-output>
          </reporter-output>
        </test-method> <!-- setup -->
        <test-method signature="ForgotLoginTest()[pri:0, instance:Test.LoginTest@6c1a5b54]" started-at="2024-07-23T22:50:20 IST" name="ForgotLoginTest" finished-at="2024-07-23T22:50:22 IST" duration-ms="1736" status="PASS">
          <reporter-output>
          </reporter-output>
        </test-method> <!-- ForgotLoginTest -->
        <test-method is-config="true" signature="TearDown()[pri:0, instance:Test.LoginTest@6c1a5b54]" started-at="2024-07-23T22:50:22 IST" name="TearDown" finished-at="2024-07-23T22:50:22 IST" duration-ms="223" status="PASS">
          <reporter-output>
          </reporter-output>
        </test-method> <!-- TearDown -->
        <test-method is-config="true" signature="setup()[pri:0, instance:Test.LoginTest@6c1a5b54]" started-at="2024-07-23T22:50:22 IST" name="setup" finished-at="2024-07-23T22:50:27 IST" duration-ms="5449" status="PASS">
          <reporter-output>
          </reporter-output>
        </test-method> <!-- setup -->
        <test-method signature="HomeButtonTesting()[pri:0, instance:Test.LoginTest@6c1a5b54]" started-at="2024-07-23T22:50:27 IST" name="HomeButtonTesting" finished-at="2024-07-23T22:50:29 IST" duration-ms="1589" status="PASS">
          <reporter-output>
          </reporter-output>
        </test-method> <!-- HomeButtonTesting -->
        <test-method is-config="true" signature="TearDown()[pri:0, instance:Test.LoginTest@6c1a5b54]" started-at="2024-07-23T22:50:29 IST" name="TearDown" finished-at="2024-07-23T22:50:29 IST" duration-ms="187" status="PASS">
          <reporter-output>
          </reporter-output>
        </test-method> <!-- TearDown -->
        <test-method is-config="true" signature="setup()[pri:0, instance:Test.LoginTest@6c1a5b54]" started-at="2024-07-23T22:50:29 IST" name="setup" finished-at="2024-07-23T22:50:37 IST" duration-ms="7664" status="PASS">
          <reporter-output>
          </reporter-output>
        </test-method> <!-- setup -->
        <test-method signature="TitleTest()[pri:0, instance:Test.LoginTest@6c1a5b54]" started-at="2024-07-23T22:50:37 IST" name="TitleTest" finished-at="2024-07-23T22:50:37 IST" duration-ms="19" status="PASS">
          <reporter-output>
          </reporter-output>
        </test-method> <!-- TitleTest -->
        <test-method is-config="true" signature="TearDown()[pri:0, instance:Test.LoginTest@6c1a5b54]" started-at="2024-07-23T22:50:37 IST" name="TearDown" finished-at="2024-07-23T22:50:37 IST" duration-ms="204" status="PASS">
          <reporter-output>
          </reporter-output>
        </test-method> <!-- TearDown -->
      </class> <!-- Test.LoginTest -->
    </test> <!-- Default test -->
  </suite> <!-- Default suite -->
</testng-results>
